0 info it worked if it ends with ok
1 verbose cli [ '/Users/ericageiser/.nvm/versions/v5.3.0/bin/node',
1 verbose cli   '/Users/ericageiser/.nvm/versions/v5.3.0/bin/npm',
1 verbose cli   'run',
1 verbose cli   'test' ]
2 info using npm@3.3.12
3 info using node@v5.3.0
4 verbose run-script [ 'pretest', 'test', 'posttest' ]
5 info lifecycle react-table-sorter@1.0.0~pretest: react-table-sorter@1.0.0
6 silly lifecycle react-table-sorter@1.0.0~pretest: no script for pretest, continuing
7 info lifecycle react-table-sorter@1.0.0~test: react-table-sorter@1.0.0
8 verbose lifecycle react-table-sorter@1.0.0~test: unsafe-perm in lifecycle true
9 verbose lifecycle react-table-sorter@1.0.0~test: PATH: /Users/ericageiser/.nvm/versions/v5.3.0/lib/node_modules/npm/bin/node-gyp-bin:/Users/ericageiser/Social_Tables/react-table-sorter/node_modules/.bin:/Users/ericageiser/.nvm/versions/v5.3.0/bin:/Users/ericageiser/.avn/bin:/usr/local/bin/:/usr/local/bin:/usr/bin:/bin:/usr/sbin:/sbin:/opt/X11/bin:/Users/ericageiser/bin
10 verbose lifecycle react-table-sorter@1.0.0~test: CWD: /Users/ericageiser/Social_Tables/react-table-sorter
11 silly lifecycle react-table-sorter@1.0.0~test: Args: [ '-c', 'jest' ]
12 silly lifecycle react-table-sorter@1.0.0~test: Returned: code: 1  signal: null
13 info lifecycle react-table-sorter@1.0.0~test: Failed to exec test script
14 verbose stack Error: react-table-sorter@1.0.0 test: `jest`
14 verbose stack Exit status 1
14 verbose stack     at EventEmitter.<anonymous> (/Users/ericageiser/.nvm/versions/v5.3.0/lib/node_modules/npm/lib/utils/lifecycle.js:232:16)
14 verbose stack     at emitTwo (events.js:87:13)
14 verbose stack     at EventEmitter.emit (events.js:172:7)
14 verbose stack     at ChildProcess.<anonymous> (/Users/ericageiser/.nvm/versions/v5.3.0/lib/node_modules/npm/lib/utils/spawn.js:24:14)
14 verbose stack     at emitTwo (events.js:87:13)
14 verbose stack     at ChildProcess.emit (events.js:172:7)
14 verbose stack     at maybeClose (internal/child_process.js:818:16)
14 verbose stack     at Process.ChildProcess._handle.onexit (internal/child_process.js:211:5)
15 verbose pkgid react-table-sorter@1.0.0
16 verbose cwd /Users/ericageiser/Social_Tables/react-table-sorter
17 error Darwin 14.3.0
18 error argv "/Users/ericageiser/.nvm/versions/v5.3.0/bin/node" "/Users/ericageiser/.nvm/versions/v5.3.0/bin/npm" "run" "test"
19 error node v5.3.0
20 error npm  v3.3.12
21 error code ELIFECYCLE
22 error react-table-sorter@1.0.0 test: `jest`
22 error Exit status 1
23 error Failed at the react-table-sorter@1.0.0 test script 'jest'.
23 error Make sure you have the latest version of node.js and npm installed.
23 error If you do, this is most likely a problem with the react-table-sorter package,
23 error not with npm itself.
23 error Tell the author that this fails on your system:
23 error     jest
23 error You can get their info via:
23 error     npm owner ls react-table-sorter
23 error There is likely additional logging output above.
24 verbose exit [ 1, true ]
